[22:12.312] example.SimpleMessageBean setMessageDrivenContext()
[22:12.312] example.SimpleMessageBean ejbCreate()
[22:22.231] example.SimpleMessageBean onMessage(): hello, world: message #1
[22:22.240] example.MessageSenderServlet Sent message: hello, world: message #1
[22:22.240] example.SimpleMessageBean onMessage(): hello, world: message #2
[22:22.241] example.MessageSenderServlet Sent message: hello, world: message #2
[22:22.241] example.SimpleMessageBean onMessage(): hello, world: message #3
[22:22.241] example.MessageSenderServlet Sent message: hello, world: message #3
[22:22.241] example.SimpleMessageBean onMessage(): hello, world: message #4
[22:22.241] example.MessageSenderServlet Sent message: hello, world: message #4
[22:22.241] example.SimpleMessageBean onMessage(): hello, world: message #5
[22:22.242] example.MessageSenderServlet Sent message: hello, world: message #5
[24:30.938] example.SimpleMessageBean setMessageDrivenContext()
[24:30.938] example.SimpleMessageBean ejbCreate()
[24:32.443] example.SimpleMessageBean onMessage(): hello, world: message #1
[24:32.454] example.MessageSenderServlet Sent message: hello, world: message #1
[24:32.454] example.SimpleMessageBean onMessage(): hello, world: message #2
[24:32.455] example.MessageSenderServlet Sent message: hello, world: message #2
[24:32.455] example.SimpleMessageBean onMessage(): hello, world: message #3
[24:32.455] example.MessageSenderServlet Sent message: hello, world: message #3
[24:32.455] example.SimpleMessageBean onMessage(): hello, world: message #4
[24:32.455] example.MessageSenderServlet Sent message: hello, world: message #4
[24:32.455] example.SimpleMessageBean onMessage(): hello, world: message #5
[24:32.455] example.MessageSenderServlet Sent message: hello, world: message #5
[33:02.447] example.SimpleMessageBean setMessageDrivenContext()
[33:02.447] example.SimpleMessageBean ejbCreate()
[33:03.476] example.SimpleMessageBean setMessageDrivenContext()
[33:03.476] example.SimpleMessageBean ejbCreate()
[33:04.656] example.SimpleMessageBean setMessageDrivenContext()
[33:04.656] example.SimpleMessageBean ejbCreate()
[33:05.626] example.SimpleMessageBean setMessageDrivenContext()
[33:05.626] example.SimpleMessageBean ejbCreate()
[33:07.068] example.SimpleMessageBean setMessageDrivenContext()
[33:07.068] example.SimpleMessageBean ejbCreate()
[33:08.086] example.SimpleMessageBean setMessageDrivenContext()
[33:08.086] example.SimpleMessageBean ejbCreate()
[33:09.282] example.SimpleMessageBean setMessageDrivenContext()
[33:09.282] example.SimpleMessageBean ejbCreate()
[33:10.289] example.SimpleMessageBean setMessageDrivenContext()
[33:10.290] example.SimpleMessageBean ejbCreate()
[36:17.944] example.SimpleMessageBean setMessageDrivenContext()
[36:17.944] example.SimpleMessageBean ejbCreate()
[36:18.920] example.SimpleMessageBean setMessageDrivenContext()
[36:18.920] example.SimpleMessageBean ejbCreate()
[36:19.942] example.SimpleMessageBean setMessageDrivenContext()
[36:19.942] example.SimpleMessageBean ejbCreate()
[36:20.888] example.SimpleMessageBean setMessageDrivenContext()
[36:20.889] example.SimpleMessageBean ejbCreate()
[36:22.076] example.SimpleMessageBean setMessageDrivenContext()
[36:22.077] example.SimpleMessageBean ejbCreate()
[37:01.564] example.SimpleMessageBean setMessageDrivenContext()
[37:01.564] example.SimpleMessageBean ejbCreate()
[37:02.323] example.SimpleMessageBean setMessageDrivenContext()
[37:02.323] example.SimpleMessageBean ejbCreate()
[37:03.077] example.SimpleMessageBean setMessageDrivenContext()
[37:03.078] example.SimpleMessageBean ejbCreate()
[37:03.794] example.SimpleMessageBean setMessageDrivenContext()
[37:03.794] example.SimpleMessageBean ejbCreate()
[37:04.592] example.SimpleMessageBean setMessageDrivenContext()
[37:04.592] example.SimpleMessageBean ejbCreate()
[37:15.394] example.SimpleMessageBean setMessageDrivenContext()
[37:15.394] example.SimpleMessageBean ejbCreate()
[37:46.366] example.SimpleMessageBean setMessageDrivenContext()
[37:46.366] example.SimpleMessageBean ejbCreate()
[37:47.165] example.SimpleMessageBean setMessageDrivenContext()
[37:47.165] example.SimpleMessageBean ejbCreate()
[37:47.932] example.SimpleMessageBean setMessageDrivenContext()
[37:47.932] example.SimpleMessageBean ejbCreate()
[37:48.663] example.SimpleMessageBean setMessageDrivenContext()
[37:48.663] example.SimpleMessageBean ejbCreate()
[37:49.760] example.SimpleMessageBean setMessageDrivenContext()
[37:49.760] example.SimpleMessageBean ejbCreate()
[37:50.808] example.SimpleMessageBean setMessageDrivenContext()
[37:50.808] example.SimpleMessageBean ejbCreate()
[38:57.117] example.SimpleMessageBean setMessageDrivenContext()
[38:57.117] example.SimpleMessageBean ejbCreate()
[38:57.890] example.SimpleMessageBean setMessageDrivenContext()
[38:57.890] example.SimpleMessageBean ejbCreate()
[38:58.692] example.SimpleMessageBean setMessageDrivenContext()
[38:58.693] example.SimpleMessageBean ejbCreate()
[36:54.419] example.SimpleMessageBean setMessageDrivenContext()
[36:54.448] example.SimpleMessageBean ejbCreate()
[41:42.876] example.SimpleMessageBean setMessageDrivenContext()
[41:42.876] example.SimpleMessageBean ejbCreate()
[41:42.975] example.SimpleMessageBean setMessageDrivenContext()
[41:42.975] example.SimpleMessageBean ejbCreate()
[42:05.519] example.SimpleMessageBean setMessageDrivenContext()
[42:05.520] example.SimpleMessageBean ejbCreate()
[42:49.946] example.SimpleMessageBean setMessageDrivenContext()
[42:49.946] example.SimpleMessageBean ejbCreate()
[43:35.619] example.SimpleMessageBean setMessageDrivenContext()
[43:35.619] example.SimpleMessageBean ejbCreate()
[44:36.337] example.SimpleMessageBean ejbRemove()
[44:36.465] example.SimpleMessageBean setMessageDrivenContext()
[44:36.466] example.SimpleMessageBean ejbCreate()
[45:35.857] example.SimpleMessageBean ejbRemove()
[45:35.940] example.SimpleMessageBean setMessageDrivenContext()
[45:35.940] example.SimpleMessageBean ejbCreate()
[45:53.882] example.SimpleMessageBean ejbRemove()
[45:53.957] example.SimpleMessageBean setMessageDrivenContext()
[45:53.957] example.SimpleMessageBean ejbCreate()
[45:54.146] example.SimpleMessageBean ejbRemove()
[45:54.223] example.SimpleMessageBean setMessageDrivenContext()
[45:54.223] example.SimpleMessageBean ejbCreate()
[46:03.598] example.SimpleMessageBean ejbRemove()
[46:03.678] example.SimpleMessageBean setMessageDrivenContext()
[46:03.678] example.SimpleMessageBean ejbCreate()
[46:04.052] example.SimpleMessageBean ejbRemove()
[46:04.139] example.SimpleMessageBean setMessageDrivenContext()
[46:04.139] example.SimpleMessageBean ejbCreate()
[46:12.262] example.SimpleMessageBean ejbRemove()
[46:12.334] example.SimpleMessageBean setMessageDrivenContext()
[46:12.334] example.SimpleMessageBean ejbCreate()
[46:22.168] example.SimpleMessageBean ejbRemove()
[46:22.281] example.SimpleMessageBean setMessageDrivenContext()
[46:22.281] example.SimpleMessageBean ejbCreate()
[46:22.427] example.SimpleMessageBean onMessage(): hello, world: message #1
[46:22.427] example.MessageSenderServlet Sent message: hello, world: message #1
[46:22.427] example.SimpleMessageBean onMessage(): hello, world: message #2
[46:22.427] example.MessageSenderServlet Sent message: hello, world: message #2
[46:22.427] example.SimpleMessageBean onMessage(): hello, world: message #3
[46:22.427] example.MessageSenderServlet Sent message: hello, world: message #3
[46:22.428] example.SimpleMessageBean onMessage(): hello, world: message #4
[46:22.428] example.MessageSenderServlet Sent message: hello, world: message #4
[46:22.428] example.SimpleMessageBean onMessage(): hello, world: message #5
[46:22.428] example.MessageSenderServlet Sent message: hello, world: message #5
[46:24.259] example.SimpleMessageBean onMessage(): hello, world: message #1
[46:24.267] example.MessageSenderServlet Sent message: hello, world: message #1
[46:24.268] example.SimpleMessageBean onMessage(): hello, world: message #2
[46:24.268] example.MessageSenderServlet Sent message: hello, world: message #2
[46:24.268] example.SimpleMessageBean onMessage(): hello, world: message #3
[46:24.268] example.MessageSenderServlet Sent message: hello, world: message #3
[46:24.268] example.SimpleMessageBean onMessage(): hello, world: message #4
[46:24.269] example.MessageSenderServlet Sent message: hello, world: message #4
[46:24.269] example.SimpleMessageBean onMessage(): hello, world: message #5
[46:24.269] example.MessageSenderServlet Sent message: hello, world: message #5
[47:17.027] example.SimpleMessageBean ejbRemove()
[47:17.088] example.SimpleMessageBean setMessageDrivenContext()
[47:17.088] example.SimpleMessageBean ejbCreate()
[47:17.209] example.SimpleMessageBean onMessage(): hello, world: message #1
[47:17.210] example.MessageSenderServlet Sent message: hello, world: message #1
[47:17.211] example.SimpleMessageBean onMessage(): hello, world: message #2
[47:17.211] example.MessageSenderServlet Sent message: hello, world: message #2
[47:17.211] example.SimpleMessageBean onMessage(): hello, world: message #3
[47:17.211] example.MessageSenderServlet Sent message: hello, world: message #3
[47:17.211] example.SimpleMessageBean onMessage(): hello, world: message #4
[47:17.213] example.MessageSenderServlet Sent message: hello, world: message #4
[47:17.213] example.SimpleMessageBean onMessage(): hello, world: message #5
[47:17.213] example.MessageSenderServlet Sent message: hello, world: message #5
[32:42.115] example.SimpleMessageBean setMessageDrivenContext()
[32:42.134] example.SimpleMessageBean ejbCreate()
[32:46.300] example.SimpleMessageBean onMessage(): hello, world: message #1
[32:46.301] example.MessageSenderServlet Sent message: hello, world: message #1
[32:46.301] example.SimpleMessageBean onMessage(): hello, world: message #2
[32:46.301] example.MessageSenderServlet Sent message: hello, world: message #2
[32:46.302] example.SimpleMessageBean onMessage(): hello, world: message #3
[32:46.320] example.MessageSenderServlet Sent message: hello, world: message #3
[32:46.320] example.SimpleMessageBean onMessage(): hello, world: message #4
[32:46.320] example.MessageSenderServlet Sent message: hello, world: message #4
[32:46.321] example.SimpleMessageBean onMessage(): hello, world: message #5
[32:46.321] example.MessageSenderServlet Sent message: hello, world: message #5
[47:16.405] example.SimpleMessageBean setMessageDrivenContext()
[47:16.421] example.SimpleMessageBean ejbCreate()
[14:48.551] example.SimpleMessageBean onMessage(): hello, world: message #1
[14:48.552] example.MessageSenderServlet Sent message: hello, world: message #1
[14:48.552] example.SimpleMessageBean onMessage(): hello, world: message #2
[14:48.552] example.MessageSenderServlet Sent message: hello, world: message #2
[14:48.552] example.SimpleMessageBean onMessage(): hello, world: message #3
[14:48.552] example.MessageSenderServlet Sent message: hello, world: message #3
[14:48.554] example.SimpleMessageBean onMessage(): hello, world: message #4
[14:48.554] example.MessageSenderServlet Sent message: hello, world: message #4
[14:48.555] example.SimpleMessageBean onMessage(): hello, world: message #5
[14:48.556] example.MessageSenderServlet Sent message: hello, world: message #5
[31:16.832] example.SimpleMessageBean setMessageDrivenContext()
[31:16.857] example.SimpleMessageBean ejbCreate()
[31:20.341] example.SimpleMessageBean onMessage(): hello, world: message #1
[31:20.358] example.MessageSenderServlet Sent message: hello, world: message #1
[31:20.369] example.SimpleMessageBean onMessage(): hello, world: message #2
[31:20.380] example.MessageSenderServlet Sent message: hello, world: message #2
[31:20.381] example.SimpleMessageBean onMessage(): hello, world: message #3
[31:20.392] example.MessageSenderServlet Sent message: hello, world: message #3
[31:20.393] example.SimpleMessageBean onMessage(): hello, world: message #4
[31:20.409] example.MessageSenderServlet Sent message: hello, world: message #4
[31:20.410] example.SimpleMessageBean onMessage(): hello, world: message #5
[31:20.421] example.MessageSenderServlet Sent message: hello, world: message #5
[04:35.580] example.SimpleMessageBean ejbRemove()
[24:35.821] example.SimpleMessageBean setMessageDrivenContext()
[24:35.822] example.SimpleMessageBean ejbCreate()
[24:39.242] example.SimpleMessageBean onMessage(): hello, world: message #1
[24:39.250] example.MessageSenderServlet Sent message: hello, world: message #1
[24:39.252] example.SimpleMessageBean onMessage(): hello, world: message #2
[24:39.261] example.MessageSenderServlet Sent message: hello, world: message #2
[24:39.263] example.SimpleMessageBean onMessage(): hello, world: message #3
[24:39.272] example.MessageSenderServlet Sent message: hello, world: message #3
[24:39.274] example.SimpleMessageBean onMessage(): hello, world: message #4
[24:39.283] example.MessageSenderServlet Sent message: hello, world: message #4
[24:39.285] example.SimpleMessageBean onMessage(): hello, world: message #5
[24:39.294] example.MessageSenderServlet Sent message: hello, world: message #5
[28:36.497] example.SimpleMessageBean onMessage(): hello, world: message #1
[28:39.844] example.MessageSenderServlet Sent message: hello, world: message #1
[28:39.845] example.SimpleMessageBean onMessage(): hello, world: message #2
[28:39.957] example.MessageSenderServlet Sent message: hello, world: message #2
[28:39.958] example.SimpleMessageBean onMessage(): hello, world: message #3
[28:40.052] example.MessageSenderServlet Sent message: hello, world: message #3
[28:40.053] example.SimpleMessageBean onMessage(): hello, world: message #4
[28:40.161] example.MessageSenderServlet Sent message: hello, world: message #4
[28:40.162] example.SimpleMessageBean onMessage(): hello, world: message #5
[28:43.604] example.MessageSenderServlet Sent message: hello, world: message #5
[13:40.658] example.SimpleMessageBean setMessageDrivenContext()
[13:40.659] example.SimpleMessageBean ejbCreate()
[13:44.362] example.SimpleMessageBean onMessage(): hello, world: message #1
[13:44.373] example.MessageSenderServlet Sent message: hello, world: message #1
[13:44.375] example.SimpleMessageBean onMessage(): hello, world: message #2
[13:44.449] example.MessageSenderServlet Sent message: hello, world: message #2
[13:44.450] example.SimpleMessageBean onMessage(): hello, world: message #3
[13:44.451] example.MessageSenderServlet Sent message: hello, world: message #3
[13:44.454] example.SimpleMessageBean onMessage(): hello, world: message #4
[13:44.462] example.MessageSenderServlet Sent message: hello, world: message #4
[13:44.465] example.SimpleMessageBean onMessage(): hello, world: message #5
[13:44.484] example.MessageSenderServlet Sent message: hello, world: message #5
[17:44.032] example.SimpleMessageBean onMessage(): hello, world: message #1
[17:50.063] example.MessageSenderServlet Sent message: hello, world: message #1
[17:50.064] example.SimpleMessageBean onMessage(): hello, world: message #2
[17:51.488] example.MessageSenderServlet Sent message: hello, world: message #2
[17:51.489] example.SimpleMessageBean onMessage(): hello, world: message #3
[17:51.490] example.MessageSenderServlet Sent message: hello, world: message #3
[17:51.491] example.SimpleMessageBean onMessage(): hello, world: message #4
[17:51.492] example.MessageSenderServlet Sent message: hello, world: message #4
[17:51.493] example.SimpleMessageBean onMessage(): hello, world: message #5
[17:51.493] example.MessageSenderServlet Sent message: hello, world: message #5
[34:02.327] example.SimpleMessageBean setMessageDrivenContext()
[34:02.328] example.SimpleMessageBean ejbCreate()
[34:07.118] example.SimpleMessageBean onMessage(): hello, world: message #1
[34:07.140] example.MessageSenderServlet Sent message: hello, world: message #1
[34:07.152] example.SimpleMessageBean onMessage(): hello, world: message #2
[34:07.166] example.MessageSenderServlet Sent message: hello, world: message #2
[34:07.168] example.SimpleMessageBean onMessage(): hello, world: message #3
[34:07.168] example.MessageSenderServlet Sent message: hello, world: message #3
[34:07.180] example.SimpleMessageBean onMessage(): hello, world: message #4
[34:07.181] example.MessageSenderServlet Sent message: hello, world: message #4
[34:07.193] example.SimpleMessageBean onMessage(): hello, world: message #5
[34:07.193] example.MessageSenderServlet Sent message: hello, world: message #5
[50:32.854] example.SimpleMessageBean setMessageDrivenContext()
[50:32.855] example.SimpleMessageBean ejbCreate()
[50:36.197] example.SimpleMessageBean onMessage(): hello, world: message #1
[50:36.207] example.MessageSenderServlet Sent message: hello, world: message #1
[50:36.209] example.SimpleMessageBean onMessage(): hello, world: message #2
[50:36.227] example.MessageSenderServlet Sent message: hello, world: message #2
[50:36.228] example.SimpleMessageBean onMessage(): hello, world: message #3
[50:36.229] example.MessageSenderServlet Sent message: hello, world: message #3
[50:36.232] example.SimpleMessageBean onMessage(): hello, world: message #4
[50:36.240] example.MessageSenderServlet Sent message: hello, world: message #4
[50:36.243] example.SimpleMessageBean onMessage(): hello, world: message #5
[50:36.251] example.MessageSenderServlet Sent message: hello, world: message #5
[01:07.262] example.SimpleMessageBean setMessageDrivenContext()
[01:07.263] example.SimpleMessageBean ejbCreate()
[01:17.070] example.SimpleMessageBean onMessage(): hello, world: message #1
[01:19.103] example.MessageSenderServlet Sent message: hello, world: message #1
[01:19.104] example.SimpleMessageBean onMessage(): hello, world: message #2
[01:19.211] example.MessageSenderServlet Sent message: hello, world: message #2
[01:19.212] example.SimpleMessageBean onMessage(): hello, world: message #3
[01:19.322] example.MessageSenderServlet Sent message: hello, world: message #3
[01:19.323] example.SimpleMessageBean onMessage(): hello, world: message #4
[01:19.431] example.MessageSenderServlet Sent message: hello, world: message #4
[01:19.432] example.SimpleMessageBean onMessage(): hello, world: message #5
[01:19.541] example.MessageSenderServlet Sent message: hello, world: message #5
[18:26.179] example.SimpleMessageBean setMessageDrivenContext()
[18:26.180] example.SimpleMessageBean ejbCreate()
[42:16.422] example.SimpleMessageBean setMessageDrivenContext()
[42:16.423] example.SimpleMessageBean ejbCreate()
[42:18.378] example.SimpleMessageBean onMessage(): hello, world: message #1
[42:18.388] example.MessageSenderServlet Sent message: hello, world: message #1
[42:18.391] example.SimpleMessageBean onMessage(): hello, world: message #2
[42:18.398] example.MessageSenderServlet Sent message: hello, world: message #2
[42:18.400] example.SimpleMessageBean onMessage(): hello, world: message #3
[42:18.408] example.MessageSenderServlet Sent message: hello, world: message #3
[42:18.410] example.SimpleMessageBean onMessage(): hello, world: message #4
[42:18.418] example.MessageSenderServlet Sent message: hello, world: message #4
[42:18.420] example.SimpleMessageBean onMessage(): hello, world: message #5
[42:18.428] example.MessageSenderServlet Sent message: hello, world: message #5
[55:35.159] example.SimpleMessageBean setMessageDrivenContext()
[55:35.160] example.SimpleMessageBean ejbCreate()
[55:40.723] example.SimpleMessageBean onMessage(): hello, world: message #1
[55:41.755] example.MessageSenderServlet Sent message: hello, world: message #1
[55:41.756] example.SimpleMessageBean onMessage(): hello, world: message #2
[55:41.864] example.MessageSenderServlet Sent message: hello, world: message #2
[55:41.865] example.SimpleMessageBean onMessage(): hello, world: message #3
[55:41.971] example.MessageSenderServlet Sent message: hello, world: message #3
[55:41.972] example.SimpleMessageBean onMessage(): hello, world: message #4
[55:42.092] example.MessageSenderServlet Sent message: hello, world: message #4
[55:42.093] example.SimpleMessageBean onMessage(): hello, world: message #5
[55:42.202] example.MessageSenderServlet Sent message: hello, world: message #5
[08:36.680] example.SimpleMessageBean setMessageDrivenContext()
[08:36.685] example.SimpleMessageBean ejbCreate()
[08:49.461] example.SimpleMessageBean onMessage(): hello, world: message #1
[08:51.495] example.MessageSenderServlet Sent message: hello, world: message #1
[08:51.496] example.SimpleMessageBean onMessage(): hello, world: message #2
[08:51.603] example.MessageSenderServlet Sent message: hello, world: message #2
[08:51.605] example.SimpleMessageBean onMessage(): hello, world: message #3
[08:51.711] example.MessageSenderServlet Sent message: hello, world: message #3
[08:51.713] example.SimpleMessageBean onMessage(): hello, world: message #4
[08:51.811] example.MessageSenderServlet Sent message: hello, world: message #4
[08:51.813] example.SimpleMessageBean onMessage(): hello, world: message #5
[08:51.911] example.MessageSenderServlet Sent message: hello, world: message #5
[14:42.042] example.SimpleMessageBean setMessageDrivenContext()
[14:42.042] example.SimpleMessageBean ejbCreate()
[14:43.942] example.SimpleMessageBean onMessage(): hello, world: message #1
[14:43.962] example.MessageSenderServlet Sent message: hello, world: message #1
[14:43.963] example.SimpleMessageBean onMessage(): hello, world: message #2
[14:43.964] example.MessageSenderServlet Sent message: hello, world: message #2
[14:43.967] example.SimpleMessageBean onMessage(): hello, world: message #3
[14:43.976] example.MessageSenderServlet Sent message: hello, world: message #3
[14:43.978] example.SimpleMessageBean onMessage(): hello, world: message #4
[14:43.988] example.MessageSenderServlet Sent message: hello, world: message #4
[14:43.990] example.SimpleMessageBean onMessage(): hello, world: message #5
[14:44.000] example.MessageSenderServlet Sent message: hello, world: message #5
[06:54.378] example.SimpleMessageBean setMessageDrivenContext()
[06:54.435] example.SimpleMessageBean ejbCreate()
[14:45.285] example.SimpleMessageBean setMessageDrivenContext()
[14:45.308] example.SimpleMessageBean ejbCreate()
[31:18.872] example.SimpleMessageBean setMessageDrivenContext()
[31:18.887] example.SimpleMessageBean ejbCreate()
[23:53.708] example.SimpleMessageBean setMessageDrivenContext()
[23:53.732] example.SimpleMessageBean ejbCreate()
[29:02.521] example.SimpleMessageBean setMessageDrivenContext()
[29:02.522] example.SimpleMessageBean ejbCreate()
[09:24.127] example.SimpleMessageBean ejbRemove()
[55:57.957] example.SimpleMessageBean setMessageDrivenContext()
[55:57.958] example.SimpleMessageBean ejbCreate()
[38:32.029] example.SimpleMessageBean ejbRemove()
[52:49.866] example.SimpleMessageBean setMessageDrivenContext()
[52:49.884] example.SimpleMessageBean ejbCreate()
[17:26.808] example.SimpleMessageBean ejbRemove()
[31:59.798] example.SimpleMessageBean setMessageDrivenContext()
[31:59.953] example.SimpleMessageBean ejbCreate()
[33:10.043] example.SimpleMessageBean setMessageDrivenContext()
[33:10.044] example.SimpleMessageBean ejbCreate()
[37:06.156] example.SimpleMessageBean setMessageDrivenContext()
[37:06.365] example.SimpleMessageBean ejbCreate()
[13:28.429] example.SimpleMessageBean setMessageDrivenContext()
[13:28.446] example.SimpleMessageBean ejbCreate()
[13:29.853] example.SimpleMessageBean onMessage(): hello, world: message #1
[13:29.874] example.MessageSenderServlet Sent message: hello, world: message #1
[13:29.875] example.SimpleMessageBean onMessage(): hello, world: message #2
[13:29.875] example.MessageSenderServlet Sent message: hello, world: message #2
[13:29.875] example.SimpleMessageBean onMessage(): hello, world: message #3
[13:29.875] example.MessageSenderServlet Sent message: hello, world: message #3
[13:29.875] example.SimpleMessageBean onMessage(): hello, world: message #4
[13:29.875] example.MessageSenderServlet Sent message: hello, world: message #4
[13:29.886] example.SimpleMessageBean onMessage(): hello, world: message #5
[13:29.886] example.MessageSenderServlet Sent message: hello, world: message #5
[14:59.308] example.SimpleMessageBean onMessage(): hello, world: message #1
[14:59.334] example.MessageSenderServlet Sent message: hello, world: message #1
[14:59.334] example.SimpleMessageBean onMessage(): hello, world: message #2
[14:59.335] example.MessageSenderServlet Sent message: hello, world: message #2
[14:59.337] example.SimpleMessageBean onMessage(): hello, world: message #3
[14:59.347] example.MessageSenderServlet Sent message: hello, world: message #3
[14:59.348] example.SimpleMessageBean onMessage(): hello, world: message #4
[14:59.359] example.MessageSenderServlet Sent message: hello, world: message #4
[14:59.359] example.SimpleMessageBean onMessage(): hello, world: message #5
[14:59.359] example.MessageSenderServlet Sent message: hello, world: message #5
[27:06.667] example.SimpleMessageBean setMessageDrivenContext()
[27:06.668] example.SimpleMessageBean ejbCreate()
[27:07.685] example.SimpleMessageBean onMessage(): hello, world: message #1
[27:07.697] example.MessageSenderServlet Sent message: hello, world: message #1
[27:07.709] example.SimpleMessageBean onMessage(): hello, world: message #2
[27:07.709] example.MessageSenderServlet Sent message: hello, world: message #2
[27:07.709] example.SimpleMessageBean onMessage(): hello, world: message #3
[27:07.709] example.MessageSenderServlet Sent message: hello, world: message #3
[27:07.709] example.SimpleMessageBean onMessage(): hello, world: message #4
[27:07.710] example.MessageSenderServlet Sent message: hello, world: message #4
[27:07.710] example.SimpleMessageBean onMessage(): hello, world: message #5
[27:07.710] example.MessageSenderServlet Sent message: hello, world: message #5
[28:09.119] example.SimpleMessageBean onMessage(): hello, world: message #1
[28:09.131] example.MessageSenderServlet Sent message: hello, world: message #1
[28:09.132] example.SimpleMessageBean onMessage(): hello, world: message #2
[28:09.133] example.MessageSenderServlet Sent message: hello, world: message #2
[28:09.134] example.SimpleMessageBean onMessage(): hello, world: message #3
[28:09.135] example.MessageSenderServlet Sent message: hello, world: message #3
[28:09.135] example.SimpleMessageBean onMessage(): hello, world: message #4
[28:09.135] example.MessageSenderServlet Sent message: hello, world: message #4
[28:09.135] example.SimpleMessageBean onMessage(): hello, world: message #5
[28:09.136] example.MessageSenderServlet Sent message: hello, world: message #5
[28:42.248] example.SimpleMessageBean onMessage(): hello, world: message #1
[28:42.259] example.MessageSenderServlet Sent message: hello, world: message #1
[28:42.261] example.SimpleMessageBean onMessage(): hello, world: message #2
[28:42.271] example.MessageSenderServlet Sent message: hello, world: message #2
[28:42.273] example.SimpleMessageBean onMessage(): hello, world: message #3
[28:42.283] example.MessageSenderServlet Sent message: hello, world: message #3
[28:42.284] example.SimpleMessageBean onMessage(): hello, world: message #4
[28:42.295] example.MessageSenderServlet Sent message: hello, world: message #4
[28:42.295] example.SimpleMessageBean onMessage(): hello, world: message #5
[28:42.306] example.MessageSenderServlet Sent message: hello, world: message #5
[29:06.499] example.SimpleMessageBean onMessage(): hello, world: message #1
[29:06.510] example.MessageSenderServlet Sent message: hello, world: message #1
[29:06.512] example.SimpleMessageBean onMessage(): hello, world: message #2
[29:06.523] example.MessageSenderServlet Sent message: hello, world: message #2
[29:06.534] example.SimpleMessageBean onMessage(): hello, world: message #3
[29:06.535] example.MessageSenderServlet Sent message: hello, world: message #3
[29:06.535] example.SimpleMessageBean onMessage(): hello, world: message #4
[29:06.535] example.MessageSenderServlet Sent message: hello, world: message #4
[29:06.535] example.SimpleMessageBean onMessage(): hello, world: message #5
[29:06.535] example.MessageSenderServlet Sent message: hello, world: message #5
[12:31.751] example.SimpleMessageBean setMessageDrivenContext()
[12:31.753] example.SimpleMessageBean ejbCreate()
[03:41.949] example.SimpleMessageBean setMessageDrivenContext()
[03:41.950] example.SimpleMessageBean ejbCreate()
[49:20.818] example.SimpleMessageBean setMessageDrivenContext()
[49:20.818] example.SimpleMessageBean ejbCreate()
[49:25.178] example.SimpleMessageBean onMessage(): hello, world: message #1
[49:25.179] example.MessageSenderServlet Sent message: hello, world: message #1
[49:25.179] example.SimpleMessageBean onMessage(): hello, world: message #2
[49:25.180] example.MessageSenderServlet Sent message: hello, world: message #2
[49:25.180] example.SimpleMessageBean onMessage(): hello, world: message #3
[49:25.180] example.MessageSenderServlet Sent message: hello, world: message #3
[49:25.180] example.SimpleMessageBean onMessage(): hello, world: message #4
[49:25.180] example.MessageSenderServlet Sent message: hello, world: message #4
[49:25.181] example.SimpleMessageBean onMessage(): hello, world: message #5
[49:25.181] example.MessageSenderServlet Sent message: hello, world: message #5
[45:10.350] example.SimpleMessageBean setMessageDrivenContext()
[45:10.351] example.SimpleMessageBean ejbCreate()
[45:13.733] example.SimpleMessageBean onMessage(): hello, world: message #1
[45:13.733] example.MessageSenderServlet Sent message: hello, world: message #1
[45:13.733] example.SimpleMessageBean onMessage(): hello, world: message #2
[45:13.734] example.MessageSenderServlet Sent message: hello, world: message #2
[45:13.734] example.SimpleMessageBean onMessage(): hello, world: message #3
[45:13.734] example.MessageSenderServlet Sent message: hello, world: message #3
[45:13.734] example.SimpleMessageBean onMessage(): hello, world: message #4
[45:13.734] example.MessageSenderServlet Sent message: hello, world: message #4
[45:13.735] example.SimpleMessageBean onMessage(): hello, world: message #5
[45:13.735] example.MessageSenderServlet Sent message: hello, world: message #5
[45:15.331] example.SimpleMessageBean ejbRemove()
[47:03.978] example.SimpleMessageBean setMessageDrivenContext()
[47:03.978] example.SimpleMessageBean ejbCreate()
[47:04.029] example.SimpleMessageBean setMessageDrivenContext()
[47:04.029] example.SimpleMessageBean ejbCreate()
[47:04.030] example.SimpleMessageBean setMessageDrivenContext()
[47:04.030] example.SimpleMessageBean ejbCreate()
[47:04.030] example.SimpleMessageBean setMessageDrivenContext()
[47:04.030] example.SimpleMessageBean ejbCreate()
[47:04.030] example.SimpleMessageBean setMessageDrivenContext()
[47:04.030] example.SimpleMessageBean ejbCreate()
[52:43.360] example.SimpleMessageBean ejbRemove()
[52:43.360] example.SimpleMessageBean ejbRemove()
[52:43.360] example.SimpleMessageBean ejbRemove()
[52:43.360] example.SimpleMessageBean ejbRemove()
[52:43.360] example.SimpleMessageBean ejbRemove()
[13:12.337] example.SimpleMessageBean setMessageDrivenContext()
[13:12.337] example.SimpleMessageBean ejbCreate()
[13:12.346] example.SimpleMessageBean setMessageDrivenContext()
[13:12.346] example.SimpleMessageBean ejbCreate()
[13:12.346] example.SimpleMessageBean setMessageDrivenContext()
[13:12.346] example.SimpleMessageBean ejbCreate()
[13:12.347] example.SimpleMessageBean setMessageDrivenContext()
[13:12.347] example.SimpleMessageBean ejbCreate()
[13:12.347] example.SimpleMessageBean setMessageDrivenContext()
[13:12.347] example.SimpleMessageBean ejbCreate()
[13:46.661] example.SimpleMessageBean ejbRemove()
[13:46.662] example.SimpleMessageBean ejbRemove()
[13:46.662] example.SimpleMessageBean ejbRemove()
[13:46.662] example.SimpleMessageBean ejbRemove()
[13:46.662] example.SimpleMessageBean ejbRemove()
[13:46.720] example.SimpleMessageBean setMessageDrivenContext()
[13:46.720] example.SimpleMessageBean ejbCreate()
[13:46.721] example.SimpleMessageBean setMessageDrivenContext()
[13:46.721] example.SimpleMessageBean ejbCreate()
[13:46.721] example.SimpleMessageBean setMessageDrivenContext()
[13:46.721] example.SimpleMessageBean ejbCreate()
[13:46.721] example.SimpleMessageBean setMessageDrivenContext()
[13:46.722] example.SimpleMessageBean ejbCreate()
[13:46.722] example.SimpleMessageBean setMessageDrivenContext()
[13:46.722] example.SimpleMessageBean ejbCreate()
[13:46.752] example.MessageSenderServlet Sent message: hello, world: message #1
[13:46.752] example.SimpleMessageBean onMessage(): hello, world: message #1
[13:46.753] example.SimpleMessageBean onMessage(): hello, world: message #2
[13:46.753] example.MessageSenderServlet Sent message: hello, world: message #2
[13:46.754] example.SimpleMessageBean onMessage(): hello, world: message #3
[13:46.754] example.MessageSenderServlet Sent message: hello, world: message #3
[13:46.755] example.SimpleMessageBean onMessage(): hello, world: message #4
[13:46.755] example.MessageSenderServlet Sent message: hello, world: message #4
[13:46.756] example.SimpleMessageBean onMessage(): hello, world: message #5
[13:46.756] example.MessageSenderServlet Sent message: hello, world: message #5
